<?xml version="1.0" encoding="UTF-8"?>
<testsuite xmlns:xsi="http://www.w3.org/2001/XMLSchema-instance" xsi:noNamespaceSchemaLocation="https://maven.apache.org/surefire/maven-surefire-plugin/xsd/surefire-test-report-3.0.xsd" version="3.0" name="Login Data Driven with Excel" time="27.909" tests="5" errors="0" skipped="0" failures="5">
  <properties>
[...]
</properties>
  <testcase name="Login Data Driven Excel #1" classname="Login Data Driven with Excel" time="10.108">
    <failure type="java.lang.AssertionError"><![CDATA[java.lang.AssertionError
	at org.junit.Assert.fail(Assert.java:87)
	at org.junit.Assert.assertTrue(Assert.java:42)
	at org.junit.Assert.assertTrue(Assert.java:53)
	at stepDefinitions.steps.check_user_navigates_to_my_account_page_by_passing_email_and_password_with_excel_data(steps.java:191)
	at ✽.check User navigates to MyAccount Page by passing Email and Password with excel row "1"(file:///C:/Users/Gozde%20Erdogan/eclipse-workspace/cucumberproject/cucumberproject/./Features/LoginDDTExcel.feature:9)
]]></failure>
    <system-out><![CDATA[
@sanity
Scenario Outline: Login Data Driven Excel                                                      # Features/LoginDDTExcel.feature:13
  Given User Launch browser                                                                    # stepDefinitions.steps.user_launch_browser()
  And opens URL "http://localhost/opencart/upload/"                                            # stepDefinitions.steps.opens_url(java.lang.String)
  When User navigate to MyAccount menu                                                         # stepDefinitions.steps.user_navigate_to_my_account()
  And click on Login                                                                           # stepDefinitions.steps.click_on_login()
  Then check User navigates to MyAccount Page by passing Email and Password with excel row "1" # stepDefinitions.steps.check_user_navigates_to_my_account_page_by_passing_email_and_password_with_excel_data(java.lang.String)
      java.lang.AssertionError
	at org.junit.Assert.fail(Assert.java:87)
	at org.junit.Assert.assertTrue(Assert.java:42)
	at org.junit.Assert.assertTrue(Assert.java:53)
	at stepDefinitions.steps.check_user_navigates_to_my_account_page_by_passing_email_and_password_with_excel_data(steps.java:191)
	at ✽.check User navigates to MyAccount Page by passing Email and Password with excel row "1"(file:///C:/Users/Gozde%20Erdogan/eclipse-workspace/cucumberproject/cucumberproject/./Features/LoginDDTExcel.feature:9)

Scenario status ======>FAILED

    Embedding Login Data Driven Excel [image/png 124254 bytes]

]]></system-out>
    <system-err><![CDATA[SLF4J: Failed to load class "org.slf4j.impl.StaticLoggerBinder".
SLF4J: Defaulting to no-operation (NOP) logger implementation
SLF4J: See http://www.slf4j.org/codes.html#StaticLoggerBinder for further details.
Starting ChromeDriver 110.0.5481.77 (65ed616c6e8ee3fe0ad64fe83796c020644d42af-refs/branch-heads/5481@{#839}) on port 16013
Only local connections are allowed.
Please see https://chromedriver.chromium.org/security-considerations for suggestions on keeping ChromeDriver safe.
ChromeDriver was started successfully.
[1677064148.601][WARNING]: virtual void DevToolsClientImpl::AddListener(DevToolsEventListener *) subscribing a listener to the already connected DevToolsClient. Connection notification will not arrive.
Feb 22, 2023 11:09:09 AM org.openqa.selenium.devtools.CdpVersionFinder findNearestMatch
WARNING: Unable to find an exact match for CDP version 110, so returning the closest version found: 107
]]></system-err>
  </testcase>
  <testcase name="Login Data Driven Excel #2" classname="Login Data Driven with Excel" time="5.277">
    <failure type="java.lang.AssertionError"><![CDATA[java.lang.AssertionError
	at org.junit.Assert.fail(Assert.java:87)
	at org.junit.Assert.assertTrue(Assert.java:42)
	at org.junit.Assert.assertTrue(Assert.java:53)
	at stepDefinitions.steps.check_user_navigates_to_my_account_page_by_passing_email_and_password_with_excel_data(steps.java:191)
	at ✽.check User navigates to MyAccount Page by passing Email and Password with excel row "2"(file:///C:/Users/Gozde%20Erdogan/eclipse-workspace/cucumberproject/cucumberproject/./Features/LoginDDTExcel.feature:9)
]]></failure>
    <system-out><![CDATA[
@sanity
Scenario Outline: Login Data Driven Excel                                                      # Features/LoginDDTExcel.feature:14
  Given User Launch browser                                                                    # stepDefinitions.steps.user_launch_browser()
  And opens URL "http://localhost/opencart/upload/"                                            # stepDefinitions.steps.opens_url(java.lang.String)
  When User navigate to MyAccount menu                                                         # stepDefinitions.steps.user_navigate_to_my_account()
  And click on Login                                                                           # stepDefinitions.steps.click_on_login()
  Then check User navigates to MyAccount Page by passing Email and Password with excel row "2" # stepDefinitions.steps.check_user_navigates_to_my_account_page_by_passing_email_and_password_with_excel_data(java.lang.String)
      java.lang.AssertionError
	at org.junit.Assert.fail(Assert.java:87)
	at org.junit.Assert.assertTrue(Assert.java:42)
	at org.junit.Assert.assertTrue(Assert.java:53)
	at stepDefinitions.steps.check_user_navigates_to_my_account_page_by_passing_email_and_password_with_excel_data(steps.java:191)
	at ✽.check User navigates to MyAccount Page by passing Email and Password with excel row "2"(file:///C:/Users/Gozde%20Erdogan/eclipse-workspace/cucumberproject/cucumberproject/./Features/LoginDDTExcel.feature:9)

Scenario status ======>FAILED

    Embedding Login Data Driven Excel [image/png 128418 bytes]

]]></system-out>
    <system-err><![CDATA[Starting ChromeDriver 110.0.5481.77 (65ed616c6e8ee3fe0ad64fe83796c020644d42af-refs/branch-heads/5481@{#839}) on port 42577
Only local connections are allowed.
Please see https://chromedriver.chromium.org/security-considerations for suggestions on keeping ChromeDriver safe.
ChromeDriver was started successfully.
[1677064156.628][WARNING]: virtual void DevToolsClientImpl::AddListener(DevToolsEventListener *) subscribing a listener to the already connected DevToolsClient. Connection notification will not arrive.
Feb 22, 2023 11:09:16 AM org.openqa.selenium.devtools.CdpVersionFinder findNearestMatch
WARNING: Unable to find an exact match for CDP version 110, so returning the closest version found: 107
]]></system-err>
  </testcase>
  <testcase name="Login Data Driven Excel #3" classname="Login Data Driven with Excel" time="4.577">
    <failure type="java.lang.AssertionError"><![CDATA[java.lang.AssertionError
	at org.junit.Assert.fail(Assert.java:87)
	at org.junit.Assert.assertTrue(Assert.java:42)
	at org.junit.Assert.assertTrue(Assert.java:53)
	at stepDefinitions.steps.check_user_navigates_to_my_account_page_by_passing_email_and_password_with_excel_data(steps.java:191)
	at ✽.check User navigates to MyAccount Page by passing Email and Password with excel row "3"(file:///C:/Users/Gozde%20Erdogan/eclipse-workspace/cucumberproject/cucumberproject/./Features/LoginDDTExcel.feature:9)
]]></failure>
    <system-out><![CDATA[
@sanity
Scenario Outline: Login Data Driven Excel                                                      # Features/LoginDDTExcel.feature:15
  Given User Launch browser                                                                    # stepDefinitions.steps.user_launch_browser()
  And opens URL "http://localhost/opencart/upload/"                                            # stepDefinitions.steps.opens_url(java.lang.String)
  When User navigate to MyAccount menu                                                         # stepDefinitions.steps.user_navigate_to_my_account()
  And click on Login                                                                           # stepDefinitions.steps.click_on_login()
  Then check User navigates to MyAccount Page by passing Email and Password with excel row "3" # stepDefinitions.steps.check_user_navigates_to_my_account_page_by_passing_email_and_password_with_excel_data(java.lang.String)
      java.lang.AssertionError
	at org.junit.Assert.fail(Assert.java:87)
	at org.junit.Assert.assertTrue(Assert.java:42)
	at org.junit.Assert.assertTrue(Assert.java:53)
	at stepDefinitions.steps.check_user_navigates_to_my_account_page_by_passing_email_and_password_with_excel_data(steps.java:191)
	at ✽.check User navigates to MyAccount Page by passing Email and Password with excel row "3"(file:///C:/Users/Gozde%20Erdogan/eclipse-workspace/cucumberproject/cucumberproject/./Features/LoginDDTExcel.feature:9)

Scenario status ======>FAILED

    Embedding Login Data Driven Excel [image/png 128285 bytes]

]]></system-out>
    <system-err><![CDATA[Starting ChromeDriver 110.0.5481.77 (65ed616c6e8ee3fe0ad64fe83796c020644d42af-refs/branch-heads/5481@{#839}) on port 40691
Only local connections are allowed.
Please see https://chromedriver.chromium.org/security-considerations for suggestions on keeping ChromeDriver safe.
ChromeDriver was started successfully.
[1677064161.919][WARNING]: virtual void DevToolsClientImpl::AddListener(DevToolsEventListener *) subscribing a listener to the already connected DevToolsClient. Connection notification will not arrive.
Feb 22, 2023 11:09:22 AM org.openqa.selenium.devtools.CdpVersionFinder findNearestMatch
WARNING: Unable to find an exact match for CDP version 110, so returning the closest version found: 107
]]></system-err>
  </testcase>
  <testcase name="Login Data Driven Excel #4" classname="Login Data Driven with Excel" time="3.947">
    <failure type="java.lang.AssertionError"><![CDATA[java.lang.AssertionError
	at org.junit.Assert.fail(Assert.java:87)
	at org.junit.Assert.assertTrue(Assert.java:42)
	at org.junit.Assert.assertTrue(Assert.java:53)
	at stepDefinitions.steps.check_user_navigates_to_my_account_page_by_passing_email_and_password_with_excel_data(steps.java:191)
	at ✽.check User navigates to MyAccount Page by passing Email and Password with excel row "4"(file:///C:/Users/Gozde%20Erdogan/eclipse-workspace/cucumberproject/cucumberproject/./Features/LoginDDTExcel.feature:9)
]]></failure>
    <system-out><![CDATA[
@sanity
Scenario Outline: Login Data Driven Excel                                                      # Features/LoginDDTExcel.feature:16
  Given User Launch browser                                                                    # stepDefinitions.steps.user_launch_browser()
  And opens URL "http://localhost/opencart/upload/"                                            # stepDefinitions.steps.opens_url(java.lang.String)
  When User navigate to MyAccount menu                                                         # stepDefinitions.steps.user_navigate_to_my_account()
  And click on Login                                                                           # stepDefinitions.steps.click_on_login()
  Then check User navigates to MyAccount Page by passing Email and Password with excel row "4" # stepDefinitions.steps.check_user_navigates_to_my_account_page_by_passing_email_and_password_with_excel_data(java.lang.String)
      java.lang.AssertionError
	at org.junit.Assert.fail(Assert.java:87)
	at org.junit.Assert.assertTrue(Assert.java:42)
	at org.junit.Assert.assertTrue(Assert.java:53)
	at stepDefinitions.steps.check_user_navigates_to_my_account_page_by_passing_email_and_password_with_excel_data(steps.java:191)
	at ✽.check User navigates to MyAccount Page by passing Email and Password with excel row "4"(file:///C:/Users/Gozde%20Erdogan/eclipse-workspace/cucumberproject/cucumberproject/./Features/LoginDDTExcel.feature:9)

Scenario status ======>FAILED

    Embedding Login Data Driven Excel [image/png 128081 bytes]

]]></system-out>
    <system-err><![CDATA[Starting ChromeDriver 110.0.5481.77 (65ed616c6e8ee3fe0ad64fe83796c020644d42af-refs/branch-heads/5481@{#839}) on port 8858
Only local connections are allowed.
Please see https://chromedriver.chromium.org/security-considerations for suggestions on keeping ChromeDriver safe.
ChromeDriver was started successfully.
[1677064166.078][WARNING]: virtual void DevToolsClientImpl::AddListener(DevToolsEventListener *) subscribing a listener to the already connected DevToolsClient. Connection notification will not arrive.
Feb 22, 2023 11:09:26 AM org.openqa.selenium.devtools.CdpVersionFinder findNearestMatch
WARNING: Unable to find an exact match for CDP version 110, so returning the closest version found: 107
]]></system-err>
  </testcase>
  <testcase name="Login Data Driven Excel #5" classname="Login Data Driven with Excel" time="3.993">
    <failure type="java.lang.AssertionError"><![CDATA[java.lang.AssertionError
	at org.junit.Assert.fail(Assert.java:87)
	at org.junit.Assert.assertTrue(Assert.java:42)
	at org.junit.Assert.assertTrue(Assert.java:53)
	at stepDefinitions.steps.check_user_navigates_to_my_account_page_by_passing_email_and_password_with_excel_data(steps.java:191)
	at ✽.check User navigates to MyAccount Page by passing Email and Password with excel row "5"(file:///C:/Users/Gozde%20Erdogan/eclipse-workspace/cucumberproject/cucumberproject/./Features/LoginDDTExcel.feature:9)
]]></failure>
    <system-out><![CDATA[
@sanity
Scenario Outline: Login Data Driven Excel                                                      # Features/LoginDDTExcel.feature:17
  Given User Launch browser                                                                    # stepDefinitions.steps.user_launch_browser()
  And opens URL "http://localhost/opencart/upload/"                                            # stepDefinitions.steps.opens_url(java.lang.String)
  When User navigate to MyAccount menu                                                         # stepDefinitions.steps.user_navigate_to_my_account()
  And click on Login                                                                           # stepDefinitions.steps.click_on_login()
  Then check User navigates to MyAccount Page by passing Email and Password with excel row "5" # stepDefinitions.steps.check_user_navigates_to_my_account_page_by_passing_email_and_password_with_excel_data(java.lang.String)
      java.lang.AssertionError
	at org.junit.Assert.fail(Assert.java:87)
	at org.junit.Assert.assertTrue(Assert.java:42)
	at org.junit.Assert.assertTrue(Assert.java:53)
	at stepDefinitions.steps.check_user_navigates_to_my_account_page_by_passing_email_and_password_with_excel_data(steps.java:191)
	at ✽.check User navigates to MyAccount Page by passing Email and Password with excel row "5"(file:///C:/Users/Gozde%20Erdogan/eclipse-workspace/cucumberproject/cucumberproject/./Features/LoginDDTExcel.feature:9)

Scenario status ======>FAILED

    Embedding Login Data Driven Excel [image/png 128525 bytes]

]]></system-out>
    <system-err><![CDATA[Starting ChromeDriver 110.0.5481.77 (65ed616c6e8ee3fe0ad64fe83796c020644d42af-refs/branch-heads/5481@{#839}) on port 4294
Only local connections are allowed.
Please see https://chromedriver.chromium.org/security-considerations for suggestions on keeping ChromeDriver safe.
ChromeDriver was started successfully.
[1677064170.019][WARNING]: virtual void DevToolsClientImpl::AddListener(DevToolsEventListener *) subscribing a listener to the already connected DevToolsClient. Connection notification will not arrive.
Feb 22, 2023 11:09:30 AM org.openqa.selenium.devtools.CdpVersionFinder findNearestMatch
WARNING: Unable to find an exact match for CDP version 110, so returning the closest version found: 107
]]></system-err>
  </testcase>
</testsuite>